<?xml version="1.0" encoding="UTF-8"?>
<testng-results ignored="0" total="1" passed="1" failed="0" skipped="0">
  <reporter-output>
  </reporter-output>
  <suite started-at="2023-10-05T00:17:37 IST" name="Default suite" finished-at="2023-10-05T00:17:38 IST" duration-ms="1073">
    <groups>
    </groups>
    <test started-at="2023-10-05T00:17:37 IST" name="Default test" finished-at="2023-10-05T00:17:38 IST" duration-ms="1073">
      <class name="connection.FurtherOps_DBqueries">
        <test-method signature="executeQuery()[pri:0, instance:connection.FurtherOps_DBqueries@19553973]" started-at="2023-10-05T00:17:37 IST" name="executeQuery" finished-at="2023-10-05T00:17:38 IST" duration-ms="1042" status="PASS">
          <reporter-output>
          </reporter-output>
        </test-method> <!-- executeQuery -->
      </class> <!-- connection.FurtherOps_DBqueries -->
    </test> <!-- Default test -->
  </suite> <!-- Default suite -->
</testng-results>
